{"/Users/jannis/dev/TimeTracker/src/main.js": {"path":"/Users/jannis/dev/TimeTracker/src/main.js","statementMap":{"0":{"start":{"line":1,"column":31},"end":{"line":1,"column":50}},"1":{"start":{"line":2,"column":13},"end":{"line":2,"column":28}},"2":{"start":{"line":7,"column":4},"end":{"line":15,"column":7}},"3":{"start":{"line":17,"column":4},"end":{"line":17,"column":60}},"4":{"start":{"line":20,"column":0},"end":{"line":22,"column":3}},"5":{"start":{"line":21,"column":4},"end":{"line":21,"column":19}},"6":{"start":{"line":24,"column":0},"end":{"line":28,"column":3}},"7":{"start":{"line":25,"column":4},"end":{"line":27,"column":5}},"8":{"start":{"line":26,"column":8},"end":{"line":26,"column":19}},"9":{"start":{"line":30,"column":0},"end":{"line":34,"column":3}},"10":{"start":{"line":31,"column":4},"end":{"line":33,"column":5}},"11":{"start":{"line":32,"column":8},"end":{"line":32,"column":23}}},"fnMap":{"0":{"name":"createWindow","decl":{"start":{"line":6,"column":9},"end":{"line":6,"column":21}},"loc":{"start":{"line":6,"column":24},"end":{"line":18,"column":1}},"line":6},"1":{"name":"(anonymous_1)","decl":{"start":{"line":20,"column":16},"end":{"line":20,"column":17}},"loc":{"start":{"line":20,"column":22},"end":{"line":22,"column":1}},"line":20},"2":{"name":"(anonymous_2)","decl":{"start":{"line":24,"column":28},"end":{"line":24,"column":29}},"loc":{"start":{"line":24,"column":34},"end":{"line":28,"column":1}},"line":24},"3":{"name":"(anonymous_3)","decl":{"start":{"line":30,"column":19},"end":{"line":30,"column":20}},"loc":{"start":{"line":30,"column":25},"end":{"line":34,"column":1}},"line":30}},"branchMap":{"0":{"loc":{"start":{"line":25,"column":4},"end":{"line":27,"column":5}},"type":"if","locations":[{"start":{"line":25,"column":4},"end":{"line":27,"column":5}},{"start":{},"end":{}}],"line":25},"1":{"loc":{"start":{"line":31,"column":4},"end":{"line":33,"column":5}},"type":"if","locations":[{"start":{"line":31,"column":4},"end":{"line":33,"column":5}},{"start":{},"end":{}}],"line":31}},"s":{"0":6,"1":6,"2":6,"3":6,"4":6,"5":6,"6":6,"7":2,"8":1,"9":6,"10":0,"11":0},"f":{"0":6,"1":6,"2":2,"3":0},"b":{"0":[1,1],"1":[0,0]},"_coverageSchema":"1a1c01bbd47fc00a2c39e90264f33305004495a9","hash":"6b7540b31fe43d83fe11c1eb41c24c5ad2fd590b"}
,"/Users/jannis/dev/TimeTracker/src/preload.js": {"path":"/Users/jannis/dev/TimeTracker/src/preload.js","statementMap":{"0":{"start":{"line":1,"column":26},"end":{"line":1,"column":45}},"1":{"start":{"line":3,"column":0},"end":{"line":5,"column":3}}},"fnMap":{},"branchMap":{},"s":{"0":0,"1":0},"f":{},"b":{}}
,"/Users/jannis/dev/TimeTracker/src/renderer.js": {"path":"/Users/jannis/dev/TimeTracker/src/renderer.js","statementMap":{"0":{"start":{"line":1,"column":11},"end":{"line":1,"column":24}},"1":{"start":{"line":2,"column":13},"end":{"line":2,"column":28}},"2":{"start":{"line":5,"column":14},"end":{"line":8,"column":1}},"3":{"start":{"line":11,"column":0},"end":{"line":16,"column":3}},"4":{"start":{"line":12,"column":4},"end":{"line":12,"column":16}},"5":{"start":{"line":13,"column":4},"end":{"line":13,"column":18}},"6":{"start":{"line":14,"column":4},"end":{"line":14,"column":24}},"7":{"start":{"line":15,"column":4},"end":{"line":15,"column":23}},"8":{"start":{"line":20,"column":24},"end":{"line":20,"column":59}},"9":{"start":{"line":23,"column":25},"end":{"line":23,"column":54}},"10":{"start":{"line":24,"column":4},"end":{"line":30,"column":5}},"11":{"start":{"line":25,"column":8},"end":{"line":25,"column":74}},"12":{"start":{"line":27,"column":8},"end":{"line":29,"column":9}},"13":{"start":{"line":28,"column":12},"end":{"line":28,"column":39}},"14":{"start":{"line":33,"column":4},"end":{"line":41,"column":7}},"15":{"start":{"line":34,"column":8},"end":{"line":40,"column":9}},"16":{"start":{"line":35,"column":12},"end":{"line":35,"column":73}},"17":{"start":{"line":36,"column":12},"end":{"line":36,"column":51}},"18":{"start":{"line":38,"column":12},"end":{"line":38,"column":67}},"19":{"start":{"line":39,"column":12},"end":{"line":39,"column":50}},"20":{"start":{"line":45,"column":23},"end":{"line":45,"column":63}},"21":{"start":{"line":46,"column":24},"end":{"line":46,"column":65}},"22":{"start":{"line":48,"column":4},"end":{"line":59,"column":7}},"23":{"start":{"line":49,"column":8},"end":{"line":58,"column":11}},"24":{"start":{"line":51,"column":12},"end":{"line":51,"column":70}},"25":{"start":{"line":51,"column":38},"end":{"line":51,"column":68}},"26":{"start":{"line":52,"column":12},"end":{"line":52,"column":79}},"27":{"start":{"line":52,"column":43},"end":{"line":52,"column":77}},"28":{"start":{"line":55,"column":26},"end":{"line":55,"column":57}},"29":{"start":{"line":56,"column":12},"end":{"line":56,"column":43}},"30":{"start":{"line":57,"column":12},"end":{"line":57,"column":67}},"31":{"start":{"line":64,"column":29},"end":{"line":64,"column":74}},"32":{"start":{"line":65,"column":26},"end":{"line":65,"column":67}},"33":{"start":{"line":66,"column":28},"end":{"line":66,"column":68}},"34":{"start":{"line":67,"column":28},"end":{"line":67,"column":68}},"35":{"start":{"line":70,"column":4},"end":{"line":72,"column":7}},"36":{"start":{"line":71,"column":8},"end":{"line":71,"column":23}},"37":{"start":{"line":75,"column":4},"end":{"line":79,"column":7}},"38":{"start":{"line":76,"column":8},"end":{"line":76,"column":36}},"39":{"start":{"line":77,"column":8},"end":{"line":77,"column":33}},"40":{"start":{"line":78,"column":8},"end":{"line":78,"column":23}},"41":{"start":{"line":85,"column":24},"end":{"line":85,"column":71}},"42":{"start":{"line":89,"column":4},"end":{"line":96,"column":5}},"43":{"start":{"line":90,"column":8},"end":{"line":90,"column":52}},"44":{"start":{"line":91,"column":8},"end":{"line":91,"column":52}},"45":{"start":{"line":93,"column":8},"end":{"line":93,"column":54}},"46":{"start":{"line":94,"column":8},"end":{"line":94,"column":99}},"47":{"start":{"line":95,"column":8},"end":{"line":95,"column":15}},"48":{"start":{"line":98,"column":4},"end":{"line":151,"column":5}},"49":{"start":{"line":100,"column":21},"end":{"line":100,"column":89}},"50":{"start":{"line":100,"column":51},"end":{"line":100,"column":61}},"51":{"start":{"line":100,"column":74},"end":{"line":100,"column":88}},"52":{"start":{"line":101,"column":24},"end":{"line":101,"column":36}},"53":{"start":{"line":104,"column":8},"end":{"line":104,"column":64}},"54":{"start":{"line":104,"column":43},"end":{"line":104,"column":62}},"55":{"start":{"line":105,"column":8},"end":{"line":105,"column":28}},"56":{"start":{"line":108,"column":23},"end":{"line":108,"column":53}},"57":{"start":{"line":111,"column":28},"end":{"line":111,"column":59}},"58":{"start":{"line":112,"column":8},"end":{"line":112,"column":34}},"59":{"start":{"line":113,"column":8},"end":{"line":113,"column":63}},"60":{"start":{"line":114,"column":8},"end":{"line":114,"column":50}},"61":{"start":{"line":115,"column":8},"end":{"line":115,"column":40}},"62":{"start":{"line":118,"column":8},"end":{"line":118,"column":48}},"63":{"start":{"line":121,"column":26},"end":{"line":121,"column":54}},"64":{"start":{"line":122,"column":8},"end":{"line":128,"column":11}},"65":{"start":{"line":123,"column":23},"end":{"line":123,"column":51}},"66":{"start":{"line":124,"column":12},"end":{"line":124,"column":54}},"67":{"start":{"line":125,"column":12},"end":{"line":125,"column":40}},"68":{"start":{"line":126,"column":12},"end":{"line":126,"column":90}},"69":{"start":{"line":126,"column":47},"end":{"line":126,"column":88}},"70":{"start":{"line":127,"column":12},"end":{"line":127,"column":38}},"71":{"start":{"line":129,"column":8},"end":{"line":129,"column":37}},"72":{"start":{"line":132,"column":8},"end":{"line":140,"column":11}},"73":{"start":{"line":133,"column":23},"end":{"line":133,"column":51}},"74":{"start":{"line":134,"column":12},"end":{"line":138,"column":15}},"75":{"start":{"line":135,"column":27},"end":{"line":135,"column":55}},"76":{"start":{"line":136,"column":16},"end":{"line":136,"column":56}},"77":{"start":{"line":137,"column":16},"end":{"line":137,"column":35}},"78":{"start":{"line":139,"column":12},"end":{"line":139,"column":34}},"79":{"start":{"line":142,"column":8},"end":{"line":142,"column":34}},"80":{"start":{"line":145,"column":8},"end":{"line":147,"column":11}},"81":{"start":{"line":146,"column":12},"end":{"line":146,"column":50}},"82":{"start":{"line":150,"column":8},"end":{"line":150,"column":32}},"83":{"start":{"line":156,"column":29},"end":{"line":156,"column":74}},"84":{"start":{"line":157,"column":26},"end":{"line":157,"column":67}},"85":{"start":{"line":160,"column":23},"end":{"line":161,"column":95}},"86":{"start":{"line":161,"column":8},"end":{"line":161,"column":94}},"87":{"start":{"line":162,"column":26},"end":{"line":163,"column":94}},"88":{"start":{"line":163,"column":8},"end":{"line":163,"column":93}},"89":{"start":{"line":166,"column":4},"end":{"line":168,"column":5}},"90":{"start":{"line":167,"column":8},"end":{"line":167,"column":35}},"91":{"start":{"line":170,"column":4},"end":{"line":172,"column":5}},"92":{"start":{"line":171,"column":8},"end":{"line":171,"column":32}},"93":{"start":{"line":175,"column":4},"end":{"line":189,"column":5}},"94":{"start":{"line":177,"column":34},"end":{"line":180,"column":35}},"95":{"start":{"line":178,"column":12},"end":{"line":178,"column":81}},"96":{"start":{"line":178,"column":33},"end":{"line":178,"column":81}},"97":{"start":{"line":179,"column":12},"end":{"line":179,"column":24}},"98":{"start":{"line":183,"column":8},"end":{"line":188,"column":11}},"99":{"start":{"line":184,"column":27},"end":{"line":184,"column":59}},"100":{"start":{"line":185,"column":12},"end":{"line":185,"column":34}},"101":{"start":{"line":186,"column":12},"end":{"line":186,"column":40}},"102":{"start":{"line":187,"column":12},"end":{"line":187,"column":49}},"103":{"start":{"line":192,"column":4},"end":{"line":206,"column":5}},"104":{"start":{"line":194,"column":31},"end":{"line":197,"column":35}},"105":{"start":{"line":195,"column":12},"end":{"line":195,"column":87}},"106":{"start":{"line":195,"column":36},"end":{"line":195,"column":87}},"107":{"start":{"line":196,"column":12},"end":{"line":196,"column":24}},"108":{"start":{"line":200,"column":8},"end":{"line":205,"column":11}},"109":{"start":{"line":201,"column":27},"end":{"line":201,"column":59}},"110":{"start":{"line":202,"column":12},"end":{"line":202,"column":35}},"111":{"start":{"line":203,"column":12},"end":{"line":203,"column":41}},"112":{"start":{"line":204,"column":12},"end":{"line":204,"column":46}},"113":{"start":{"line":211,"column":18},"end":{"line":211,"column":49}},"114":{"start":{"line":212,"column":4},"end":{"line":212,"column":23}},"115":{"start":{"line":212,"column":16},"end":{"line":212,"column":23}},"116":{"start":{"line":214,"column":28},"end":{"line":214,"column":79}},"117":{"start":{"line":215,"column":25},"end":{"line":215,"column":72}},"118":{"start":{"line":218,"column":23},"end":{"line":219,"column":95}},"119":{"start":{"line":219,"column":8},"end":{"line":219,"column":94}},"120":{"start":{"line":220,"column":26},"end":{"line":221,"column":94}},"121":{"start":{"line":221,"column":8},"end":{"line":221,"column":93}},"122":{"start":{"line":223,"column":17},"end":{"line":223,"column":45}},"123":{"start":{"line":225,"column":4},"end":{"line":251,"column":7}},"124":{"start":{"line":226,"column":8},"end":{"line":226,"column":32}},"125":{"start":{"line":226,"column":25},"end":{"line":226,"column":32}},"126":{"start":{"line":228,"column":22},"end":{"line":228,"column":60}},"127":{"start":{"line":231,"column":8},"end":{"line":231,"column":39}},"128":{"start":{"line":231,"column":32},"end":{"line":231,"column":39}},"129":{"start":{"line":233,"column":22},"end":{"line":233,"column":26}},"130":{"start":{"line":236,"column":8},"end":{"line":240,"column":9}},"131":{"start":{"line":238,"column":30},"end":{"line":238,"column":66}},"132":{"start":{"line":239,"column":12},"end":{"line":239,"column":65}},"133":{"start":{"line":243,"column":8},"end":{"line":247,"column":9}},"134":{"start":{"line":245,"column":30},"end":{"line":245,"column":69}},"135":{"start":{"line":246,"column":12},"end":{"line":246,"column":62}},"136":{"start":{"line":250,"column":8},"end":{"line":250,"column":50}},"137":{"start":{"line":256,"column":17},"end":{"line":256,"column":45}},"138":{"start":{"line":257,"column":4},"end":{"line":262,"column":7}},"139":{"start":{"line":258,"column":8},"end":{"line":258,"column":32}},"140":{"start":{"line":258,"column":25},"end":{"line":258,"column":32}},"141":{"start":{"line":259,"column":22},"end":{"line":259,"column":60}},"142":{"start":{"line":260,"column":24},"end":{"line":260,"column":104}},"143":{"start":{"line":260,"column":43},"end":{"line":260,"column":103}},"144":{"start":{"line":261,"column":8},"end":{"line":261,"column":50}},"145":{"start":{"line":267,"column":22},"end":{"line":267,"column":71}},"146":{"start":{"line":268,"column":23},"end":{"line":272,"column":6}},"147":{"start":{"line":269,"column":22},"end":{"line":269,"column":57}},"148":{"start":{"line":270,"column":22},"end":{"line":270,"column":57}},"149":{"start":{"line":271,"column":8},"end":{"line":271,"column":42}},"150":{"start":{"line":273,"column":4},"end":{"line":273,"column":54}},"151":{"start":{"line":273,"column":30},"end":{"line":273,"column":52}}},"fnMap":{"0":{"name":"(anonymous_0)","decl":{"start":{"line":11,"column":46},"end":{"line":11,"column":47}},"loc":{"start":{"line":11,"column":52},"end":{"line":16,"column":1}},"line":11},"1":{"name":"setupThemeSwitch","decl":{"start":{"line":19,"column":9},"end":{"line":19,"column":25}},"loc":{"start":{"line":19,"column":28},"end":{"line":42,"column":1}},"line":19},"2":{"name":"(anonymous_2)","decl":{"start":{"line":33,"column":43},"end":{"line":33,"column":44}},"loc":{"start":{"line":33,"column":55},"end":{"line":41,"column":5}},"line":33},"3":{"name":"setupTabs","decl":{"start":{"line":44,"column":9},"end":{"line":44,"column":18}},"loc":{"start":{"line":44,"column":21},"end":{"line":60,"column":1}},"line":44},"4":{"name":"(anonymous_4)","decl":{"start":{"line":48,"column":23},"end":{"line":48,"column":24}},"loc":{"start":{"line":48,"column":33},"end":{"line":59,"column":5}},"line":48},"5":{"name":"(anonymous_5)","decl":{"start":{"line":49,"column":41},"end":{"line":49,"column":42}},"loc":{"start":{"line":49,"column":47},"end":{"line":58,"column":9}},"line":49},"6":{"name":"(anonymous_6)","decl":{"start":{"line":51,"column":31},"end":{"line":51,"column":32}},"loc":{"start":{"line":51,"column":38},"end":{"line":51,"column":68}},"line":51},"7":{"name":"(anonymous_7)","decl":{"start":{"line":52,"column":32},"end":{"line":52,"column":33}},"loc":{"start":{"line":52,"column":43},"end":{"line":52,"column":77}},"line":52},"8":{"name":"setupFilterEvents","decl":{"start":{"line":63,"column":9},"end":{"line":63,"column":26}},"loc":{"start":{"line":63,"column":29},"end":{"line":80,"column":1}},"line":63},"9":{"name":"(anonymous_9)","decl":{"start":{"line":70,"column":46},"end":{"line":70,"column":47}},"loc":{"start":{"line":70,"column":52},"end":{"line":72,"column":5}},"line":70},"10":{"name":"(anonymous_10)","decl":{"start":{"line":75,"column":46},"end":{"line":75,"column":47}},"loc":{"start":{"line":75,"column":52},"end":{"line":79,"column":5}},"line":75},"11":{"name":"loadCsvData","decl":{"start":{"line":83,"column":9},"end":{"line":83,"column":20}},"loc":{"start":{"line":83,"column":23},"end":{"line":152,"column":1}},"line":83},"12":{"name":"(anonymous_12)","decl":{"start":{"line":100,"column":44},"end":{"line":100,"column":45}},"loc":{"start":{"line":100,"column":51},"end":{"line":100,"column":61}},"line":100},"13":{"name":"(anonymous_13)","decl":{"start":{"line":100,"column":67},"end":{"line":100,"column":68}},"loc":{"start":{"line":100,"column":74},"end":{"line":100,"column":88}},"line":100},"14":{"name":"(anonymous_14)","decl":{"start":{"line":104,"column":38},"end":{"line":104,"column":39}},"loc":{"start":{"line":104,"column":43},"end":{"line":104,"column":62}},"line":104},"15":{"name":"(anonymous_15)","decl":{"start":{"line":122,"column":24},"end":{"line":122,"column":25}},"loc":{"start":{"line":122,"column":34},"end":{"line":128,"column":9}},"line":122},"16":{"name":"(anonymous_16)","decl":{"start":{"line":126,"column":41},"end":{"line":126,"column":42}},"loc":{"start":{"line":126,"column":47},"end":{"line":126,"column":88}},"line":126},"17":{"name":"(anonymous_17)","decl":{"start":{"line":132,"column":21},"end":{"line":132,"column":22}},"loc":{"start":{"line":132,"column":28},"end":{"line":140,"column":9}},"line":132},"18":{"name":"(anonymous_18)","decl":{"start":{"line":134,"column":24},"end":{"line":134,"column":25}},"loc":{"start":{"line":134,"column":32},"end":{"line":138,"column":13}},"line":134},"19":{"name":"(anonymous_19)","decl":{"start":{"line":145,"column":46},"end":{"line":145,"column":47}},"loc":{"start":{"line":145,"column":52},"end":{"line":147,"column":9}},"line":145},"20":{"name":"populateFilterOptions","decl":{"start":{"line":155,"column":9},"end":{"line":155,"column":30}},"loc":{"start":{"line":155,"column":33},"end":{"line":207,"column":1}},"line":155},"21":{"name":"(anonymous_21)","decl":{"start":{"line":160,"column":49},"end":{"line":160,"column":50}},"loc":{"start":{"line":161,"column":8},"end":{"line":161,"column":94}},"line":161},"22":{"name":"(anonymous_22)","decl":{"start":{"line":162,"column":52},"end":{"line":162,"column":53}},"loc":{"start":{"line":163,"column":8},"end":{"line":163,"column":93}},"line":163},"23":{"name":"(anonymous_23)","decl":{"start":{"line":177,"column":63},"end":{"line":177,"column":64}},"loc":{"start":{"line":177,"column":70},"end":{"line":180,"column":9}},"line":177},"24":{"name":"(anonymous_24)","decl":{"start":{"line":183,"column":34},"end":{"line":183,"column":35}},"loc":{"start":{"line":183,"column":44},"end":{"line":188,"column":9}},"line":183},"25":{"name":"(anonymous_25)","decl":{"start":{"line":194,"column":60},"end":{"line":194,"column":61}},"loc":{"start":{"line":194,"column":67},"end":{"line":197,"column":9}},"line":194},"26":{"name":"(anonymous_26)","decl":{"start":{"line":200,"column":31},"end":{"line":200,"column":32}},"loc":{"start":{"line":200,"column":42},"end":{"line":205,"column":9}},"line":200},"27":{"name":"applyFilters","decl":{"start":{"line":210,"column":9},"end":{"line":210,"column":21}},"loc":{"start":{"line":210,"column":24},"end":{"line":252,"column":1}},"line":210},"28":{"name":"(anonymous_28)","decl":{"start":{"line":218,"column":49},"end":{"line":218,"column":50}},"loc":{"start":{"line":219,"column":8},"end":{"line":219,"column":94}},"line":219},"29":{"name":"(anonymous_29)","decl":{"start":{"line":220,"column":52},"end":{"line":220,"column":53}},"loc":{"start":{"line":221,"column":8},"end":{"line":221,"column":93}},"line":221},"30":{"name":"(anonymous_30)","decl":{"start":{"line":225,"column":17},"end":{"line":225,"column":18}},"loc":{"start":{"line":225,"column":33},"end":{"line":251,"column":5}},"line":225},"31":{"name":"filterTable","decl":{"start":{"line":255,"column":9},"end":{"line":255,"column":20}},"loc":{"start":{"line":255,"column":35},"end":{"line":263,"column":1}},"line":255},"32":{"name":"(anonymous_32)","decl":{"start":{"line":257,"column":17},"end":{"line":257,"column":18}},"loc":{"start":{"line":257,"column":33},"end":{"line":262,"column":5}},"line":257},"33":{"name":"(anonymous_33)","decl":{"start":{"line":260,"column":35},"end":{"line":260,"column":36}},"loc":{"start":{"line":260,"column":43},"end":{"line":260,"column":103}},"line":260},"34":{"name":"sortTable","decl":{"start":{"line":266,"column":9},"end":{"line":266,"column":18}},"loc":{"start":{"line":266,"column":39},"end":{"line":274,"column":1}},"line":266},"35":{"name":"(anonymous_35)","decl":{"start":{"line":268,"column":38},"end":{"line":268,"column":39}},"loc":{"start":{"line":268,"column":48},"end":{"line":272,"column":5}},"line":268},"36":{"name":"(anonymous_36)","decl":{"start":{"line":273,"column":23},"end":{"line":273,"column":24}},"loc":{"start":{"line":273,"column":30},"end":{"line":273,"column":52}},"line":273}},"branchMap":{"0":{"loc":{"start":{"line":24,"column":4},"end":{"line":30,"column":5}},"type":"if","locations":[{"start":{"line":24,"column":4},"end":{"line":30,"column":5}},{"start":{},"end":{}}],"line":24},"1":{"loc":{"start":{"line":27,"column":8},"end":{"line":29,"column":9}},"type":"if","locations":[{"start":{"line":27,"column":8},"end":{"line":29,"column":9}},{"start":{},"end":{}}],"line":27},"2":{"loc":{"start":{"line":34,"column":8},"end":{"line":40,"column":9}},"type":"if","locations":[{"start":{"line":34,"column":8},"end":{"line":40,"column":9}},{"start":{"line":37,"column":15},"end":{"line":40,"column":9}}],"line":34},"3":{"loc":{"start":{"line":98,"column":4},"end":{"line":151,"column":5}},"type":"if","locations":[{"start":{"line":98,"column":4},"end":{"line":151,"column":5}},{"start":{},"end":{}}],"line":98},"4":{"loc":{"start":{"line":161,"column":8},"end":{"line":161,"column":94}},"type":"binary-expr","locations":[{"start":{"line":161,"column":8},"end":{"line":161,"column":53}},{"start":{"line":161,"column":57},"end":{"line":161,"column":94}}],"line":161},"5":{"loc":{"start":{"line":163,"column":8},"end":{"line":163,"column":93}},"type":"binary-expr","locations":[{"start":{"line":163,"column":8},"end":{"line":163,"column":49}},{"start":{"line":163,"column":53},"end":{"line":163,"column":93}}],"line":163},"6":{"loc":{"start":{"line":175,"column":4},"end":{"line":189,"column":5}},"type":"if","locations":[{"start":{"line":175,"column":4},"end":{"line":189,"column":5}},{"start":{},"end":{}}],"line":175},"7":{"loc":{"start":{"line":178,"column":12},"end":{"line":178,"column":81}},"type":"if","locations":[{"start":{"line":178,"column":12},"end":{"line":178,"column":81}},{"start":{},"end":{}}],"line":178},"8":{"loc":{"start":{"line":192,"column":4},"end":{"line":206,"column":5}},"type":"if","locations":[{"start":{"line":192,"column":4},"end":{"line":206,"column":5}},{"start":{},"end":{}}],"line":192},"9":{"loc":{"start":{"line":195,"column":12},"end":{"line":195,"column":87}},"type":"if","locations":[{"start":{"line":195,"column":12},"end":{"line":195,"column":87}},{"start":{},"end":{}}],"line":195},"10":{"loc":{"start":{"line":212,"column":4},"end":{"line":212,"column":23}},"type":"if","locations":[{"start":{"line":212,"column":4},"end":{"line":212,"column":23}},{"start":{},"end":{}}],"line":212},"11":{"loc":{"start":{"line":219,"column":8},"end":{"line":219,"column":94}},"type":"binary-expr","locations":[{"start":{"line":219,"column":8},"end":{"line":219,"column":53}},{"start":{"line":219,"column":57},"end":{"line":219,"column":94}}],"line":219},"12":{"loc":{"start":{"line":221,"column":8},"end":{"line":221,"column":93}},"type":"binary-expr","locations":[{"start":{"line":221,"column":8},"end":{"line":221,"column":49}},{"start":{"line":221,"column":53},"end":{"line":221,"column":93}}],"line":221},"13":{"loc":{"start":{"line":226,"column":8},"end":{"line":226,"column":32}},"type":"if","locations":[{"start":{"line":226,"column":8},"end":{"line":226,"column":32}},{"start":{},"end":{}}],"line":226},"14":{"loc":{"start":{"line":231,"column":8},"end":{"line":231,"column":39}},"type":"if","locations":[{"start":{"line":231,"column":8},"end":{"line":231,"column":39}},{"start":{},"end":{}}],"line":231},"15":{"loc":{"start":{"line":236,"column":8},"end":{"line":240,"column":9}},"type":"if","locations":[{"start":{"line":236,"column":8},"end":{"line":240,"column":9}},{"start":{},"end":{}}],"line":236},"16":{"loc":{"start":{"line":236,"column":12},"end":{"line":236,"column":48}},"type":"binary-expr","locations":[{"start":{"line":236,"column":12},"end":{"line":236,"column":27}},{"start":{"line":236,"column":31},"end":{"line":236,"column":48}}],"line":236},"17":{"loc":{"start":{"line":239,"column":22},"end":{"line":239,"column":64}},"type":"binary-expr","locations":[{"start":{"line":239,"column":22},"end":{"line":239,"column":29}},{"start":{"line":239,"column":34},"end":{"line":239,"column":63}}],"line":239},"18":{"loc":{"start":{"line":243,"column":8},"end":{"line":247,"column":9}},"type":"if","locations":[{"start":{"line":243,"column":8},"end":{"line":247,"column":9}},{"start":{},"end":{}}],"line":243},"19":{"loc":{"start":{"line":243,"column":12},"end":{"line":243,"column":48}},"type":"binary-expr","locations":[{"start":{"line":243,"column":12},"end":{"line":243,"column":24}},{"start":{"line":243,"column":28},"end":{"line":243,"column":48}}],"line":243},"20":{"loc":{"start":{"line":246,"column":22},"end":{"line":246,"column":61}},"type":"binary-expr","locations":[{"start":{"line":246,"column":22},"end":{"line":246,"column":29}},{"start":{"line":246,"column":34},"end":{"line":246,"column":60}}],"line":246},"21":{"loc":{"start":{"line":250,"column":28},"end":{"line":250,"column":49}},"type":"cond-expr","locations":[{"start":{"line":250,"column":38},"end":{"line":250,"column":40}},{"start":{"line":250,"column":43},"end":{"line":250,"column":49}}],"line":250},"22":{"loc":{"start":{"line":258,"column":8},"end":{"line":258,"column":32}},"type":"if","locations":[{"start":{"line":258,"column":8},"end":{"line":258,"column":32}},{"start":{},"end":{}}],"line":258},"23":{"loc":{"start":{"line":261,"column":28},"end":{"line":261,"column":49}},"type":"cond-expr","locations":[{"start":{"line":261,"column":38},"end":{"line":261,"column":40}},{"start":{"line":261,"column":43},"end":{"line":261,"column":49}}],"line":261}},"s":{"0":0,"1":0,"2":0,"3":0,"4":0,"5":0,"6":0,"7":0,"8":0,"9":0,"10":0,"11":0,"12":0,"13":0,"14":0,"15":0,"16":0,"17":0,"18":0,"19":0,"20":0,"21":0,"22":0,"23":0,"24":0,"25":0,"26":0,"27":0,"28":0,"29":0,"30":0,"31":0,"32":0,"33":0,"34":0,"35":0,"36":0,"37":0,"38":0,"39":0,"40":0,"41":0,"42":0,"43":0,"44":0,"45":0,"46":0,"47":0,"48":0,"49":0,"50":0,"51":0,"52":0,"53":0,"54":0,"55":0,"56":0,"57":0,"58":0,"59":0,"60":0,"61":0,"62":0,"63":0,"64":0,"65":0,"66":0,"67":0,"68":0,"69":0,"70":0,"71":0,"72":0,"73":0,"74":0,"75":0,"76":0,"77":0,"78":0,"79":0,"80":0,"81":0,"82":0,"83":0,"84":0,"85":0,"86":0,"87":0,"88":0,"89":0,"90":0,"91":0,"92":0,"93":0,"94":0,"95":0,"96":0,"97":0,"98":0,"99":0,"100":0,"101":0,"102":0,"103":0,"104":0,"105":0,"106":0,"107":0,"108":0,"109":0,"110":0,"111":0,"112":0,"113":0,"114":0,"115":0,"116":0,"117":0,"118":0,"119":0,"120":0,"121":0,"122":0,"123":0,"124":0,"125":0,"126":0,"127":0,"128":0,"129":0,"130":0,"131":0,"132":0,"133":0,"134":0,"135":0,"136":0,"137":0,"138":0,"139":0,"140":0,"141":0,"142":0,"143":0,"144":0,"145":0,"146":0,"147":0,"148":0,"149":0,"150":0,"151":0},"f":{"0":0,"1":0,"2":0,"3":0,"4":0,"5":0,"6":0,"7":0,"8":0,"9":0,"10":0,"11":0,"12":0,"13":0,"14":0,"15":0,"16":0,"17":0,"18":0,"19":0,"20":0,"21":0,"22":0,"23":0,"24":0,"25":0,"26":0,"27":0,"28":0,"29":0,"30":0,"31":0,"32":0,"33":0,"34":0,"35":0,"36":0},"b":{"0":[0,0],"1":[0,0],"2":[0,0],"3":[0,0],"4":[0,0],"5":[0,0],"6":[0,0],"7":[0,0],"8":[0,0],"9":[0,0],"10":[0,0],"11":[0,0],"12":[0,0],"13":[0,0],"14":[0,0],"15":[0,0],"16":[0,0],"17":[0,0],"18":[0,0],"19":[0,0],"20":[0,0],"21":[0,0],"22":[0,0],"23":[0,0]}}
}
