TN:
SF:src/main.js
FN:6,createWindow
FN:20,(anonymous_1)
FN:24,(anonymous_2)
FN:30,(anonymous_3)
FNF:4
FNH:3
FNDA:6,createWindow
FNDA:6,(anonymous_1)
FNDA:2,(anonymous_2)
FNDA:0,(anonymous_3)
DA:1,6
DA:2,6
DA:7,6
DA:17,6
DA:20,6
DA:21,6
DA:24,6
DA:25,2
DA:26,1
DA:30,6
DA:31,0
DA:32,0
LF:12
LH:10
BRDA:25,0,0,1
BRDA:25,0,1,1
BRDA:31,1,0,0
BRDA:31,1,1,0
BRF:4
BRH:2
end_of_record
TN:
SF:src/preload.js
FNF:0
FNH:0
DA:1,0
DA:3,0
LF:2
LH:0
BRF:0
BRH:0
end_of_record
TN:
SF:src/renderer.js
FN:11,(anonymous_0)
FN:19,setupThemeSwitch
FN:33,(anonymous_2)
FN:44,setupTabs
FN:48,(anonymous_4)
FN:49,(anonymous_5)
FN:51,(anonymous_6)
FN:52,(anonymous_7)
FN:63,setupFilterEvents
FN:70,(anonymous_9)
FN:75,(anonymous_10)
FN:83,loadCsvData
FN:100,(anonymous_12)
FN:100,(anonymous_13)
FN:104,(anonymous_14)
FN:122,(anonymous_15)
FN:126,(anonymous_16)
FN:132,(anonymous_17)
FN:134,(anonymous_18)
FN:145,(anonymous_19)
FN:155,populateFilterOptions
FN:160,(anonymous_21)
FN:162,(anonymous_22)
FN:177,(anonymous_23)
FN:183,(anonymous_24)
FN:194,(anonymous_25)
FN:200,(anonymous_26)
FN:210,applyFilters
FN:218,(anonymous_28)
FN:220,(anonymous_29)
FN:225,(anonymous_30)
FN:255,filterTable
FN:257,(anonymous_32)
FN:260,(anonymous_33)
FN:266,sortTable
FN:268,(anonymous_35)
FN:273,(anonymous_36)
FNF:37
FNH:0
FNDA:0,(anonymous_0)
FNDA:0,setupThemeSwitch
FNDA:0,(anonymous_2)
FNDA:0,setupTabs
FNDA:0,(anonymous_4)
FNDA:0,(anonymous_5)
FNDA:0,(anonymous_6)
FNDA:0,(anonymous_7)
FNDA:0,setupFilterEvents
FNDA:0,(anonymous_9)
FNDA:0,(anonymous_10)
FNDA:0,loadCsvData
FNDA:0,(anonymous_12)
FNDA:0,(anonymous_13)
FNDA:0,(anonymous_14)
FNDA:0,(anonymous_15)
FNDA:0,(anonymous_16)
FNDA:0,(anonymous_17)
FNDA:0,(anonymous_18)
FNDA:0,(anonymous_19)
FNDA:0,populateFilterOptions
FNDA:0,(anonymous_21)
FNDA:0,(anonymous_22)
FNDA:0,(anonymous_23)
FNDA:0,(anonymous_24)
FNDA:0,(anonymous_25)
FNDA:0,(anonymous_26)
FNDA:0,applyFilters
FNDA:0,(anonymous_28)
FNDA:0,(anonymous_29)
FNDA:0,(anonymous_30)
FNDA:0,filterTable
FNDA:0,(anonymous_32)
FNDA:0,(anonymous_33)
FNDA:0,sortTable
FNDA:0,(anonymous_35)
FNDA:0,(anonymous_36)
DA:1,0
DA:2,0
DA:5,0
DA:11,0
DA:12,0
DA:13,0
DA:14,0
DA:15,0
DA:20,0
DA:23,0
DA:24,0
DA:25,0
DA:27,0
DA:28,0
DA:33,0
DA:34,0
DA:35,0
DA:36,0
DA:38,0
DA:39,0
DA:45,0
DA:46,0
DA:48,0
DA:49,0
DA:51,0
DA:52,0
DA:55,0
DA:56,0
DA:57,0
DA:64,0
DA:65,0
DA:66,0
DA:67,0
DA:70,0
DA:71,0
DA:75,0
DA:76,0
DA:77,0
DA:78,0
DA:85,0
DA:89,0
DA:90,0
DA:91,0
DA:93,0
DA:94,0
DA:95,0
DA:98,0
DA:100,0
DA:101,0
DA:104,0
DA:105,0
DA:108,0
DA:111,0
DA:112,0
DA:113,0
DA:114,0
DA:115,0
DA:118,0
DA:121,0
DA:122,0
DA:123,0
DA:124,0
DA:125,0
DA:126,0
DA:127,0
DA:129,0
DA:132,0
DA:133,0
DA:134,0
DA:135,0
DA:136,0
DA:137,0
DA:139,0
DA:142,0
DA:145,0
DA:146,0
DA:150,0
DA:156,0
DA:157,0
DA:160,0
DA:161,0
DA:162,0
DA:163,0
DA:166,0
DA:167,0
DA:170,0
DA:171,0
DA:175,0
DA:177,0
DA:178,0
DA:179,0
DA:183,0
DA:184,0
DA:185,0
DA:186,0
DA:187,0
DA:192,0
DA:194,0
DA:195,0
DA:196,0
DA:200,0
DA:201,0
DA:202,0
DA:203,0
DA:204,0
DA:211,0
DA:212,0
DA:214,0
DA:215,0
DA:218,0
DA:219,0
DA:220,0
DA:221,0
DA:223,0
DA:225,0
DA:226,0
DA:228,0
DA:231,0
DA:233,0
DA:236,0
DA:238,0
DA:239,0
DA:243,0
DA:245,0
DA:246,0
DA:250,0
DA:256,0
DA:257,0
DA:258,0
DA:259,0
DA:260,0
DA:261,0
DA:267,0
DA:268,0
DA:269,0
DA:270,0
DA:271,0
DA:273,0
LF:138
LH:0
BRDA:24,0,0,0
BRDA:24,0,1,0
BRDA:27,1,0,0
BRDA:27,1,1,0
BRDA:34,2,0,0
BRDA:34,2,1,0
BRDA:98,3,0,0
BRDA:98,3,1,0
BRDA:161,4,0,0
BRDA:161,4,1,0
BRDA:163,5,0,0
BRDA:163,5,1,0
BRDA:175,6,0,0
BRDA:175,6,1,0
BRDA:178,7,0,0
BRDA:178,7,1,0
BRDA:192,8,0,0
BRDA:192,8,1,0
BRDA:195,9,0,0
BRDA:195,9,1,0
BRDA:212,10,0,0
BRDA:212,10,1,0
BRDA:219,11,0,0
BRDA:219,11,1,0
BRDA:221,12,0,0
BRDA:221,12,1,0
BRDA:226,13,0,0
BRDA:226,13,1,0
BRDA:231,14,0,0
BRDA:231,14,1,0
BRDA:236,15,0,0
BRDA:236,15,1,0
BRDA:236,16,0,0
BRDA:236,16,1,0
BRDA:239,17,0,0
BRDA:239,17,1,0
BRDA:243,18,0,0
BRDA:243,18,1,0
BRDA:243,19,0,0
BRDA:243,19,1,0
BRDA:246,20,0,0
BRDA:246,20,1,0
BRDA:250,21,0,0
BRDA:250,21,1,0
BRDA:258,22,0,0
BRDA:258,22,1,0
BRDA:261,23,0,0
BRDA:261,23,1,0
BRF:48
BRH:0
end_of_record
